# JRE version: Java(TM) SE Runtime Environment (8.0_231-b11) (build 1.8.0_231-b11)
# Java VM: Java HotSpot(TM) 64-Bit Server VM (25.231-b11 mixed mode windows-amd64 compressed oops)
Heap:
 PSYoungGen      total 204288K, used 76755K [0x0000000780f00000, 0x000000078f280000, 0x00000007c0000000)
  eden space 196608K, 39% used [0x0000000780f00000,0x00000007859f4e68,0x000000078cf00000)
  from space 7680K, 0% used [0x000000078cf00000,0x000000078cf00000,0x000000078d680000)
  to   space 14336K, 0% used [0x000000078e480000,0x000000078e480000,0x000000078f280000)
 ParOldGen       total 132096K, used 15411K [0x0000000702c00000, 0x000000070ad00000, 0x0000000780f00000)
  object space 132096K, 11% used [0x0000000702c00000,0x0000000703b0cc80,0x000000070ad00000)
 Metaspace       used 40248K, capacity 42636K, committed 42880K, reserved 1087488K
  class space    used 5310K, capacity 5730K, committed 5760K, reserved 1048576K
GC Heap History (10 events):
Event: 4.429 GC heap before
{Heap before GC invocations=3 (full 0):
 PSYoungGen      total 105984K, used 26319K [0x0000000780f00000, 0x0000000787e00000, 0x00000007c0000000)
  eden space 98304K, 18% used [0x0000000780f00000,0x00000007821364f8,0x0000000786f00000)
  from space 7680K, 99% used [0x0000000787680000,0x0000000787dfd9f0,0x0000000787e00000)
  to   space 7680K, 0% used [0x0000000786f00000,0x0000000786f00000,0x0000000787680000)
 ParOldGen       total 130048K, used 1927K [0x0000000702c00000, 0x000000070ab00000, 0x0000000780f00000)
  object space 130048K, 1% used [0x0000000702c00000,0x0000000702de1fa0,0x000000070ab00000)
 Metaspace       used 20502K, capacity 21172K, committed 21296K, reserved 1067008K
  class space    used 2695K, capacity 2872K, committed 2944K, reserved 1048576K
Event: 4.445 GC heap after
Heap after GC invocations=3 (full 0):
 PSYoungGen      total 105984K, used 6708K [0x0000000780f00000, 0x000000078de00000, 0x00000007c0000000)
  eden space 98304K, 0% used [0x0000000780f00000,0x0000000780f00000,0x0000000786f00000)
  from space 7680K, 87% used [0x0000000786f00000,0x000000078758d088,0x0000000787680000)
  to   space 7680K, 0% used [0x000000078d680000,0x000000078d680000,0x000000078de00000)
 ParOldGen       total 130048K, used 1935K [0x0000000702c00000, 0x000000070ab00000, 0x0000000780f00000)
  object space 130048K, 1% used [0x0000000702c00000,0x0000000702de3fa0,0x000000070ab00000)
 Metaspace       used 20502K, capacity 21172K, committed 21296K, reserved 1067008K
  class space    used 2695K, capacity 2872K, committed 2944K, reserved 1048576K
}
Event: 4.445 GC heap before
{Heap before GC invocations=4 (full 1):
 PSYoungGen      total 105984K, used 6708K [0x0000000780f00000, 0x000000078de00000, 0x00000007c0000000)
  eden space 98304K, 0% used [0x0000000780f00000,0x0000000780f00000,0x0000000786f00000)
  from space 7680K, 87% used [0x0000000786f00000,0x000000078758d088,0x0000000787680000)
  to   space 7680K, 0% used [0x000000078d680000,0x000000078d680000,0x000000078de00000)
 ParOldGen       total 130048K, used 1935K [0x0000000702c00000, 0x000000070ab00000, 0x0000000780f00000)
  object space 130048K, 1% used [0x0000000702c00000,0x0000000702de3fa0,0x000000070ab00000)
 Metaspace       used 20502K, capacity 21172K, committed 21296K, reserved 1067008K
  class space    used 2695K, capacity 2872K, committed 2944K, reserved 1048576K
Event: 4.534 GC heap after
Heap after GC invocations=4 (full 1):
 PSYoungGen      total 105984K, used 0K [0x0000000780f00000, 0x000000078de00000, 0x00000007c0000000)
  eden space 98304K, 0% used [0x0000000780f00000,0x0000000780f00000,0x0000000786f00000)
  from space 7680K, 0% used [0x0000000786f00000,0x0000000786f00000,0x0000000787680000)
  to   space 7680K, 0% used [0x000000078d680000,0x000000078d680000,0x000000078de00000)
 ParOldGen       total 81920K, used 6441K [0x0000000702c00000, 0x0000000707c00000, 0x0000000780f00000)
  object space 81920K, 7% used [0x0000000702c00000,0x000000070324a478,0x0000000707c00000)
 Metaspace       used 20502K, capacity 21172K, committed 21296K, reserved 1067008K
  class space    used 2695K, capacity 2872K, committed 2944K, reserved 1048576K
}
Event: 10.394 GC heap before
{Heap before GC invocations=5 (full 1):
 PSYoungGen      total 105984K, used 98304K [0x0000000780f00000, 0x000000078de00000, 0x00000007c0000000)
  eden space 98304K, 100% used [0x0000000780f00000,0x0000000786f00000,0x0000000786f00000)
  from space 7680K, 0% used [0x0000000786f00000,0x0000000786f00000,0x0000000787680000)
  to   space 7680K, 0% used [0x000000078d680000,0x000000078d680000,0x000000078de00000)
 ParOldGen       total 81920K, used 6441K [0x0000000702c00000, 0x0000000707c00000, 0x0000000780f00000)
  object space 81920K, 7% used [0x0000000702c00000,0x000000070324a478,0x0000000707c00000)
 Metaspace       used 28027K, capacity 29608K, committed 29952K, reserved 1075200K
  class space    used 3704K, capacity 3990K, committed 4096K, reserved 1048576K
Event: 10.425 GC heap after
Heap after GC invocations=5 (full 1):
 PSYoungGen      total 151552K, used 7673K [0x0000000780f00000, 0x000000078de00000, 0x00000007c0000000)
  eden space 143872K, 0% used [0x0000000780f00000,0x0000000780f00000,0x0000000789b80000)
  from space 7680K, 99% used [0x000000078d680000,0x000000078ddfe508,0x000000078de00000)
  to   space 7680K, 0% used [0x000000078cf00000,0x000000078cf00000,0x000000078d680000)
 ParOldGen       total 81920K, used 11532K [0x0000000702c00000, 0x0000000707c00000, 0x0000000780f00000)
  object space 81920K, 14% used [0x0000000702c00000,0x00000007037431d0,0x0000000707c00000)
 Metaspace       used 28027K, capacity 29608K, committed 29952K, reserved 1075200K
  class space    used 3704K, capacity 3990K, committed 4096K, reserved 1048576K
}
Event: 14.999 GC heap before
{Heap before GC invocations=6 (full 1):
 PSYoungGen      total 151552K, used 62215K [0x0000000780f00000, 0x000000078de00000, 0x00000007c0000000)
  eden space 143872K, 37% used [0x0000000780f00000,0x0000000784443a08,0x0000000789b80000)
  from space 7680K, 99% used [0x000000078d680000,0x000000078ddfe508,0x000000078de00000)
  to   space 7680K, 0% used [0x000000078cf00000,0x000000078cf00000,0x000000078d680000)
 ParOldGen       total 81920K, used 11532K [0x0000000702c00000, 0x0000000707c00000, 0x0000000780f00000)
  object space 81920K, 14% used [0x0000000702c00000,0x00000007037431d0,0x0000000707c00000)
 Metaspace       used 33682K, capacity 35356K, committed 35456K, reserved 1079296K
  class space    used 4380K, capacity 4690K, committed 4736K, reserved 1048576K
Event: 15.027 GC heap after
Heap after GC invocations=6 (full 1):
 PSYoungGen      total 204288K, used 7668K [0x0000000780f00000, 0x000000078f280000, 0x00000007c0000000)
  eden space 196608K, 0% used [0x0000000780f00000,0x0000000780f00000,0x000000078cf00000)
  from space 7680K, 99% used [0x000000078cf00000,0x000000078d67d030,0x000000078d680000)
  to   space 14336K, 0% used [0x000000078e480000,0x000000078e480000,0x000000078f280000)
 ParOldGen       total 81920K, used 14786K [0x0000000702c00000, 0x0000000707c00000, 0x0000000780f00000)
  object space 81920K, 18% used [0x0000000702c00000,0x0000000703a70a70,0x0000000707c00000)
 Metaspace       used 33682K, capacity 35356K, committed 35456K, reserved 1079296K
  class space    used 4380K, capacity 4690K, committed 4736K, reserved 1048576K
}
Event: 15.027 GC heap before
{Heap before GC invocations=7 (full 2):
 PSYoungGen      total 204288K, used 7668K [0x0000000780f00000, 0x000000078f280000, 0x00000007c0000000)
  eden space 196608K, 0% used [0x0000000780f00000,0x0000000780f00000,0x000000078cf00000)
  from space 7680K, 99% used [0x000000078cf00000,0x000000078d67d030,0x000000078d680000)
  to   space 14336K, 0% used [0x000000078e480000,0x000000078e480000,0x000000078f280000)
 ParOldGen       total 81920K, used 14786K [0x0000000702c00000, 0x0000000707c00000, 0x0000000780f00000)
  object space 81920K, 18% used [0x0000000702c00000,0x0000000703a70a70,0x0000000707c00000)
 Metaspace       used 33682K, capacity 35356K, committed 35456K, reserved 1079296K
  class space    used 4380K, capacity 4690K, committed 4736K, reserved 1048576K
Event: 15.126 GC heap after
Heap after GC invocations=7 (full 2):
 PSYoungGen      total 204288K, used 0K [0x0000000780f00000, 0x000000078f280000, 0x00000007c0000000)
  eden space 196608K, 0% used [0x0000000780f00000,0x0000000780f00000,0x000000078cf00000)
  from space 7680K, 0% used [0x000000078cf00000,0x000000078cf00000,0x000000078d680000)
  to   space 14336K, 0% used [0x000000078e480000,0x000000078e480000,0x000000078f280000)
 ParOldGen       total 132096K, used 15411K [0x0000000702c00000, 0x000000070ad00000, 0x0000000780f00000)
  object space 132096K, 11% used [0x0000000702c00000,0x0000000703b0cc80,0x000000070ad00000)
 Metaspace       used 33682K, capacity 35356K, committed 35456K, reserved 1079296K
  class space    used 4380K, capacity 4690K, committed 4736K, reserved 1048576K
}

